{
  "stats": {
    "suites": 1,
    "tests": 2,
    "passes": 2,
    "pending": 0,
    "failures": 0,
    "start": "2023-05-05T18:47:48.060Z",
    "end": "2023-05-05T18:47:48.822Z",
    "duration": 762,
    "testsRegistered": 2,
    "passPercent": 100,
    "pendingPercent": 0,
    "other": 0,
    "hasOther": false,
    "skipped": 0,
    "hasSkipped": false
  },
  "results": [
    {
      "uuid": "47859252-74f5-4aab-91ef-22c82b2c2f91",
      "title": "",
      "fullFile": "cypress\\e2e\\pluvicto\\site-locator-pull.cy.js",
      "file": "cypress\\e2e\\pluvicto\\site-locator-pull.cy.js",
      "beforeHooks": [],
      "afterHooks": [],
      "tests": [],
      "suites": [
        {
          "uuid": "7474c39f-19d7-4073-973c-9b85ca4fa560",
          "title": "Site Locator",
          "fullFile": "",
          "file": "",
          "beforeHooks": [],
          "afterHooks": [],
          "tests": [
            {
              "title": "prints locations",
              "fullTitle": "Site Locator prints locations",
              "timedOut": null,
              "duration": 731,
              "state": "passed",
              "speed": "fast",
              "pass": true,
              "fail": false,
              "pending": false,
              "context": null,
              "code": "cy.wait(150);\ncy.request({\n  method: \"GET\",\n  url: \"https://www.us.pluvicto.com/locationfinderblock/findmarkers/145933/39.7271021/-104.9564084/0/all/\",\n  headers: {\n    \"accept\": \"application/json, text/javascript, */*; q=0.01\",\n    'User-Agent': userAgent,\n    \"accept-language\": \"en,en-US;q=0.9\",\n    \"request-context\": \"appId=cid-v1:fbded6d8-2f5c-4cb0-adf7-2ae9d814644f\",\n    \"request-id\": \"|DoKQr.UgHiZ\",\n    \"sec-ch-ua\": \"\\\"Google Chrome\\\";v=\\\"107\\\", \\\"Chromium\\\";v=\\\"107\\\", \\\"Not=A?Brand\\\";v=\\\"24\\\"\",\n    \"sec-ch-ua-mobile\": \"?0\",\n    \"sec-ch-ua-platform\": \"\\\"macOS\\\"\",\n    \"sec-fetch-dest\": \"empty\",\n    \"sec-fetch-mode\": \"cors\",\n    \"sec-fetch-site\": \"same-origin\",\n    \"x-requested-with\": \"XMLHttpRequest\",\n    \"cookie\": \"ASP.NET_SessionId=ydc1apiz3dn1kmgqqupyfuuk; __RequestVerificationToken=OVCCxuwFtRd4UAA9cpZWnczcMTiF1p9J5KUNwoFAL4ij0xtuoROXQRtJhuWgMhpJZRLK25_zh_j662xiXJ2ZSnVy6YT3TGPC5xdrqd3t3pI1; ARRAffinity=619f09957c32de59b5088c218078151258f6aee0cd5c7a86d05f1702ff4dba85; ARRAffinitySameSite=619f09957c32de59b5088c218078151258f6aee0cd5c7a86d05f1702ff4dba85; ai_user=AOzvG|2022-11-03T14:28:19.164Z; _gcl_au=1.1.133764024.1667485699; ai_session=CjS8c|1667485699494.9|1667485699494.9; siponimod=SiponimodWebsite; _gid=GA1.2.242860304.1667485700; _gat_UA-135907693-106=1; is=b31753ba-45fb-4d4f-a6cd-55317c275248; iv=f360167a-2216-4617-8614-722a07c1c33a; _fbp=fb.1.1667485701355.931144436; _ga=GA1.2.1554927805.1667485700; _uetsid=c381bac05b8311edb05dbb5b8bb2fb5b; _uetvid=c3822bc05b8311ed9a532be566d5aaa6; _ga_ZZ95MFZD1W=GS1.1.1667485699.1.1.1667485742.17.0.0\",\n    'Connection': 'close',\n    \"Referer\": \"https://www.us.pluvicto.com/treatment-center-locator/\",\n    'X-Forwarded-For': '127.0.0.1',\n    \"Referrer-Policy\": \"strict-origin-when-cross-origin\"\n  },\n  \"body\": null\n}).its(\"body\").each(responseBody => {\n  const Center = responseBody.Center || null;\n  const Address = responseBody.Address || null;\n  const City = responseBody.City || null;\n  const State = responseBody.State || null;\n  const ZIP = responseBody.ZIP || null;\n  const ContactPerson = responseBody.ContactPerson || null;\n  const PhoneNumberPrefix = responseBody.PhoneNumberPrefix || null;\n  const PhoneNumber = responseBody.PhoneNumber || null;\n  const PhoneNumber2Prefix = responseBody.PhoneNumber2Prefix || null;\n  const PhoneNumber2 = responseBody.PhoneNumber2 || null;\n  const Website = responseBody.Website || null;\n  const CertificationStatus = responseBody.CertificationStatus || null;\n  const Latitude = responseBody.Latitude || null;\n  const Longitude = responseBody.Longitude || null;\n  const order = responseBody.order || null;\n  csvs.push({\n    order: order,\n    Center: Center,\n    Address: Address,\n    City: City,\n    State: State,\n    ZIP: ZIP,\n    ContactPerson: ContactPerson,\n    PhoneNumberPrefix: PhoneNumberPrefix,\n    PhoneNumber: PhoneNumber,\n    PhoneNumber2Prefix: PhoneNumber2Prefix,\n    PhoneNumber2: PhoneNumber2,\n    Website: Website,\n    CertificationStatus: CertificationStatus,\n    Latitude: Latitude,\n    Longitude: Longitude\n  });\n});",
              "err": {},
              "uuid": "7980d01b-d842-4036-98ae-13b763d12747",
              "parentUUID": "7474c39f-19d7-4073-973c-9b85ca4fa560",
              "isHook": false,
              "skipped": false
            },
            {
              "title": "writes csv file",
              "fullTitle": "Site Locator writes csv file",
              "timedOut": null,
              "duration": 20,
              "state": "passed",
              "speed": "fast",
              "pass": true,
              "fail": false,
              "pending": false,
              "context": null,
              "code": "cy.task(\"writeCsvFile\", {\n  filename: \"pluvicto-site-locator-2.csv\",\n  data: csvs\n}, csvs.join(\"\\n\"));",
              "err": {},
              "uuid": "1eeda8a4-3cce-4809-9db3-63c7914f2a53",
              "parentUUID": "7474c39f-19d7-4073-973c-9b85ca4fa560",
              "isHook": false,
              "skipped": false
            }
          ],
          "suites": [],
          "passes": [
            "7980d01b-d842-4036-98ae-13b763d12747",
            "1eeda8a4-3cce-4809-9db3-63c7914f2a53"
          ],
          "failures": [],
          "pending": [],
          "skipped": [],
          "duration": 751,
          "root": false,
          "rootEmpty": false,
          "_timeout": 2000
        }
      ],
      "passes": [],
      "failures": [],
      "pending": [],
      "skipped": [],
      "duration": 0,
      "root": true,
      "rootEmpty": true,
      "_timeout": 2000
    }
  ],
  "meta": {
    "mocha": {
      "version": "7.0.1"
    },
    "mochawesome": {
      "options": {
        "quiet": false,
        "reportFilename": "mochawesome",
        "saveHtml": false,
        "saveJson": true,
        "consoleReporter": "spec",
        "useInlineDiffs": false,
        "code": true
      },
      "version": "7.1.3"
    },
    "marge": {
      "options": {
        "id": "default",
        "overwrite": false,
        "html": false,
        "json": true,
        "reportDir": "cypress\\reports\\html\\.jsons"
      },
      "version": "6.2.0"
    }
  }
}